Arguments: 
  C:\Program Files\nodejs\node.exe C:\Users\Sorax\AppData\Roaming\npm\node_modules\yarn\bin\yarn.js add currency.js

PATH: 
  C:\Program Files\Git\mingw64\bin;C:\Program Files\Git\usr\bin;C:\Users\Sorax\bin;C:\Users\Sorax\WebstormProjects\safe-deal-app\node_modules\.bin;C:\Windows\system32;C:\Windows;C:\Windows\System32\Wbem;C:\Windows\System32\WindowsPowerShell\v1.0;C:\Windows\System32\OpenSSH;C:\Program Files (x86)\NVIDIA Corporation\PhysX\Common;C:\Program Files\Git\cmd;C:\Program Files\nodejs;C:\Users\Sorax\AppData\Local\Microsoft\WindowsApps;C:\Program Files\JetBrains\WebStorm 2020.2.1\bin;C:\Users\Sorax\AppData\Roaming\npm

Yarn version: 
  1.22.5

Node version: 
  12.18.3

Platform: 
  win32 x64

Trace: 
  Error: EPERM: operation not permitted, unlink 'C:\Users\Sorax\WebstormProjects\safe-deal-app\node_modules\bcrypt\lib\binding\napi-v3\bcrypt_lib.node'

npm manifest: 
  {
    "name": "safe-deal-app",
    "version": "1.0.0",
    "main": "server.js",
    "scripts": {
      "client-install": "npm install --prefix client",
      "server": "nodemon server.js",
      "client": "npm start --prefix client",
      "dev": "concurrently \"npm run server\" \"npm run client\""
    },
    "keywords": [],
    "author": "",
    "license": "ISC",
    "dependencies": {
      "bcrypt": "^5.0.0",
      "concurrently": "^5.3.0",
      "config": "^3.3.1",
      "cors": "^2.8.5",
      "express": "^4.17.1",
      "jsonwebtoken": "^8.5.1",
      "mongoose": "^5.10.5"
    },
    "devDependencies": {
      "nodemon": "^2.0.4"
    }
  }

yarn manifest: 
  No manifest

Lockfile: 
  No lockfile
